============================= test session starts =============================
platform win32 -- Python 3.11.4, pytest-8.3.2, pluggy-1.5.0 -- C:\Users\16145\Desktop\code_24\frpaudio\rpaudio\.venv\Scripts\python.exe
cachedir: .pytest_cache
rootdir: C:\Users\16145\Desktop\code_24\frpaudio\rpaudio
configfile: pyproject.toml
plugins: anyio-4.6.0, asyncio-0.24.0
asyncio: mode=Mode.STRICT, default_loop_scope=None
collecting ... collected 56 items

tests/test_AudioSink.py::test_fade_in PASSED                             [  1%]
tests/test_AudioSink.py::test_fade_out PASSED                            [  3%]
tests/test_AudioSink.py::test_change_speed PASSED                        [  5%]
tests/test_AudioSink.py::test_effects_applied_over_time PASSED           [  7%]
tests/test_AudioSink.py::test_effects_applied_over_time_vol_exception PASSED [  8%]
tests/test_AudioSink.py::test_effects_applied_over_time_speed_exception PASSED [ 10%]
tests/test_AudioSink.py::test_effect_completion PASSED                   [ 12%]
tests/test_AudioSink.py::test_set_duration PASSED                        [ 14%]
tests/test_AudioSink.py::test_set_volume_valid_input PASSED              [ 16%]
tests/test_AudioSink.py::test_set_volume_out_of_range PASSED             [ 17%]
tests/test_AudioSink.py::test_volume_uninitialized_sink PASSED           [ 19%]
tests/test_AudioSink.py::test_get_volume_returns_correct_value PASSED    [ 21%]
tests/test_AudioSink.py::test_cancel_callback PASSED                     [ 23%]
tests/test_AudioSink.py::test_stop_uninitialized_sink PASSED             [ 25%]
tests/test_AudioSink.py::test_pause_uninitialized_sink PASSED            [ 26%]
tests/test_AudioSink.py::test_no_file_provided PASSED                    [ 28%]
tests/test_AudioSink.py::test_audio_handler_no_callback PASSED           [ 30%]
tests/test_AudioSink.py::test_load_audio_multiple_times PASSED           [ 32%]
tests/test_AudioSink.py::test_audio_handler_callback PASSED              [ 33%]
tests/test_AudioSink.py::test_default_values PASSED                      [ 35%]
tests/test_AudioSink.py::test_play_audio PASSED                          [ 37%]
tests/test_AudioSink.py::test_pause PASSED                               [ 39%]
tests/test_AudioSink.py::test_resume PASSED                              [ 41%]
tests/test_AudioSink.py::test_set_volume PASSED                          [ 42%]
tests/test_AudioSink.py::test_try_seek PASSED                            [ 44%]
tests/test_AudioSink.py::test_get_pos PASSED                             [ 46%]
tests/test_AudioSink.py::test_set_speed PASSED                           [ 48%]
tests/test_AudioSink.py::test_get_speed PASSED                           [ 50%]
tests/test_AudioSink.py::test_stop PASSED                                [ 51%]
tests/test_AudioSink.py::test_metadata PASSED                            [ 53%]
tests/test_AudioSink.py::test_callback_called PASSED                     [ 55%]
tests/test_AudioSink_metadata.py::test_metadata_wav PASSED               [ 57%]
tests/test_AudioSink_metadata.py::test_metadata_mp3 PASSED               [ 58%]
tests/test_AudioSink_metadata.py::test_metadata_flac PASSED              [ 60%]
tests/test_ChannelManager.py::test_add_channel PASSED                    [ 62%]
tests/test_ChannelManager.py::test_channel_retrieval PASSED              [ 64%]
tests/test_ChannelManager.py::test_channel_retrieval_not_found PASSED    [ 66%]
tests/test_ChannelManager.py::test_start_all PASSED                      [ 67%]
tests/test_ChannelManager.py::test_stop_all PASSED                       [ 69%]
tests/test_ChannelManager.py::test_drop_channel PASSED                   [ 71%]
tests/test_ChannelManager.py::test_drop_channel_not_found PASSED         [ 73%]
tests/test_Channel_multi_sink.py::test_audio_channel_effects_chain PASSED [ 75%]
tests/test_Channel_multi_sink.py::test_audio_channel_auto_consume PASSED [ 76%]
tests/test_Channel_multi_sink.py::test_audiochannel_multiple_sink_pushes PASSED [ 78%]
tests/test_Channel_multi_sink.py::test_drop_current_audio PASSED         [ 80%]
tests/test_Channel_multi_sink.py::test_current_audio PASSED              [ 82%]
tests/test_Channel_multi_sink.py::test_autoplay_songs PASSED             [ 83%]
tests/test_Channel_single_sink.py::test_play_audio PASSED                [ 85%]
tests/test_Channel_single_sink.py::test_pause PASSED                     [ 87%]
tests/test_Channel_single_sink.py::test_resume PASSED                    [ 89%]
tests/test_Channel_single_sink.py::test_set_volume PASSED                [ 91%]
tests/test_Channel_single_sink.py::test_try_seek PASSED                  [ 92%]
tests/test_Channel_single_sink.py::test_get_pos PASSED                   [ 94%]
tests/test_Channel_single_sink.py::test_get_speed PASSED                 [ 96%]
tests/test_Channel_single_sink.py::test_stop PASSED                      [ 98%]
tests/test_Channel_single_sink.py::test_callbacks_called PASSED          [100%]
 1727870459 - All tests completed.


============================= 56 passed in 16.52s =============================
